SF:lib/home/domain/entities/language_file.dart
DA:6,3
DA:7,0
DA:9,4
DA:11,0
DA:14,5
DA:15,4
DA:17,2
LF:7
LH:5
end_of_record
SF:lib/home/domain/errors/errors.dart
DA:5,1
DA:7,0
DA:9,0
DA:14,2
LF:4
LH:2
end_of_record
SF:lib/home/domain/usecases/read_json.dart
DA:15,0
DA:18,0
DA:19,0
LF:3
LH:0
end_of_record
SF:lib/home/domain/usecases/save_json.dart
DA:15,0
DA:18,0
DA:19,0
LF:3
LH:0
end_of_record
SF:lib/home/presenter/states/file_state.dart
DA:8,1
DA:10,3
DA:11,2
DA:12,1
DA:13,1
DA:15,4
DA:16,0
DA:18,0
DA:19,0
DA:28,0
DA:29,0
DA:36,1
DA:37,1
DA:44,1
DA:45,1
LF:15
LH:10
end_of_record
SF:lib/home/presenter/stores/file_store.dart
DA:10,3
DA:12,1
DA:13,3
DA:14,3
DA:15,6
DA:18,1
DA:19,3
DA:20,5
DA:21,7
LF:9
LH:9
end_of_record
SF:lib/home/infra/services/file_service.dart
DA:13,1
DA:15,1
DA:16,1
DA:17,3
DA:18,2
DA:20,2
DA:21,1
DA:22,3
DA:23,1
DA:24,1
DA:25,1
DA:28,1
DA:29,1
DA:30,3
DA:31,2
DA:38,1
DA:39,2
DA:40,2
DA:43,1
DA:46,1
DA:47,1
DA:48,1
DA:49,1
DA:50,0
DA:52,1
DA:55,3
DA:56,1
DA:57,1
DA:58,2
DA:59,3
DA:60,1
DA:62,1
DA:65,1
DA:67,4
LF:34
LH:33
end_of_record
