SF:lib/src/localization_service.dart
DA:11,1
DA:12,1
DA:18,1
DA:19,2
DA:21,1
DA:22,1
DA:23,1
DA:24,7
DA:26,1
DA:27,2
DA:28,3
DA:29,0
DA:31,5
DA:33,2
DA:39,1
DA:41,2
DA:44,1
DA:45,2
DA:48,2
DA:49,1
DA:50,1
DA:56,1
DA:57,1
DA:58,1
DA:61,2
DA:62,3
DA:63,1
DA:68,1
DA:69,2
DA:70,1
DA:74,2
DA:79,2
DA:83,2
DA:90,1
DA:91,2
LF:35
LH:34
end_of_record
SF:lib/colored_print/colored_print.dart
DA:7,0
DA:8,0
DA:9,0
DA:10,0
DA:11,1
DA:17,2
DA:20,0
DA:21,0
DA:22,0
LF:9
LH:2
end_of_record
SF:lib/colored_print/print_color.dart
DA:5,1
DA:16,0
LF:2
LH:1
end_of_record
SF:lib/src/localization_widget.dart
DA:16,0
DA:24,0
DA:26,0
DA:27,0
DA:34,0
DA:36,0
DA:37,0
DA:38,0
DA:39,0
DA:40,0
DA:41,0
DA:42,0
DA:45,0
DA:46,0
DA:47,0
DA:52,0
DA:54,0
DA:55,0
DA:58,0
DA:60,0
DA:61,0
DA:62,0
DA:63,0
DA:64,0
DA:65,0
DA:67,0
LF:26
LH:0
end_of_record
