SF:lib/src/localization_service.dart
DA:11,1
DA:12,1
DA:18,1
DA:19,2
DA:21,1
DA:22,1
DA:23,1
DA:24,7
DA:26,1
DA:27,2
DA:28,3
DA:29,0
DA:31,5
DA:33,2
DA:39,1
DA:41,2
DA:44,1
DA:45,2
DA:48,2
DA:49,1
DA:50,1
DA:56,1
DA:57,1
DA:58,1
DA:61,2
DA:62,3
DA:63,1
DA:68,1
DA:69,2
DA:70,1
DA:74,2
DA:79,2
DA:83,2
DA:90,1
DA:91,2
LF:35
LH:34
end_of_record
SF:lib/colored_print/colored_print.dart
DA:7,0
DA:8,0
DA:9,0
DA:10,0
DA:11,1
DA:17,2
DA:20,0
DA:21,0
DA:22,0
LF:9
LH:2
end_of_record
SF:lib/colored_print/print_color.dart
DA:5,1
DA:16,0
LF:2
LH:1
end_of_record
